c:\users\nik\appdata\local\temp\irmagent.log
c:\users\nik\appdata\local\intel corporation\remote monitoring\intelremotemon.db
h:\работа\mooc\практика\4.4_vec_example2\example2_vec\release\main.optrpt
h:\работа\mooc\практика\4.4_vec_example2\example2_vec\release\main.obj
h:\работа\mooc\практика\4.4_vec_example2\release\example2_vec.exe
h:\работа\mooc\практика\4.4_vec_example2\release\example2_vec.exe.manifest
h:\работа\mooc\практика\4.4_vec_example2\release\example2_vec.pdb
h:\работа\mooc\практика\4.4_vec_example2\release\ipo_out.optrpt
i:\работа\mooc\практика\4.4_vec_example2\release\example2_vec.exe.manifest
i:\работа\mooc\практика\4.4_vec_example2\release\example2_vec.pdb
i:\работа\mooc\практика\4.4_vec_example2\release\example2_vec.exe
i:\работа\mooc\практика\4.4_vec_example2\example2_vec\release\main.obj
i:\работа\mooc\практика\4.4_vec_example2\example2_vec\release\example2_vec.tlog\icl-intelremotemonserver-intelremotemonagent-intelremotemonagent2.read.1.tlog
i:\работа\mooc\практика\4.4_vec_example2\example2_vec\release\example2_vec.tlog\icl-intelremotemonserver-intelremotemonagent-intelremotemonagent2.write.1.tlog
i:\работа\mooc\практика\4.4_vec_example2\example2_vec\release\example2_vec.tlog\icl-intelremotemonserver-intelremotemonagent.read.1.tlog
i:\работа\mooc\практика\4.4_vec_example2\example2_vec\release\example2_vec.tlog\icl-intelremotemonserver-intelremotemonagent.read.2.tlog
i:\работа\mooc\практика\4.4_vec_example2\example2_vec\release\example2_vec.tlog\icl-intelremotemonserver-intelremotemonagent.write.2.tlog
i:\работа\mooc\практика\4.4_vec_example2\example2_vec\release\example2_vec.tlog\icl-intelremotemonserver.read.1.tlog
i:\работа\mooc\практика\4.4_vec_example2\example2_vec\release\example2_vec.tlog\icl-intelremotemonserver.read.2.tlog
i:\работа\mooc\практика\4.4_vec_example2\example2_vec\release\example2_vec.tlog\icl-intelremotemonserver.read.32.tlog
i:\работа\mooc\практика\4.4_vec_example2\example2_vec\release\example2_vec.tlog\icl-intelremotemonserver.write.2.tlog
i:\работа\mooc\практика\4.4_vec_example2\example2_vec\release\example2_vec.tlog\icl-intelremotemonserver.write.32.tlog
i:\работа\mooc\практика\4.4_vec_example2\example2_vec\release\example2_vec.tlog\icl-mcpcom.read.1.tlog
i:\работа\mooc\практика\4.4_vec_example2\example2_vec\release\example2_vec.tlog\icl-mcpcom.write.1.tlog
i:\работа\mooc\практика\4.4_vec_example2\example2_vec\release\example2_vec.tlog\icl.command.1.tlog
i:\работа\mooc\практика\4.4_vec_example2\example2_vec\release\example2_vec.tlog\icl.read.1.tlog
i:\работа\mooc\практика\4.4_vec_example2\example2_vec\release\example2_vec.tlog\icl.write.1.tlog
i:\работа\mooc\практика\4.4_vec_example2\example2_vec\release\example2_vec.tlog\xilink-link.read.1.tlog
i:\работа\mooc\практика\4.4_vec_example2\example2_vec\release\example2_vec.tlog\xilink-link.write.1.tlog
i:\работа\mooc\практика\4.4_vec_example2\example2_vec\release\example2_vec.tlog\xilink-mcpcom.read.1.tlog
i:\работа\mooc\практика\4.4_vec_example2\example2_vec\release\example2_vec.tlog\xilink-mcpcom.write.1.tlog
i:\работа\mooc\практика\4.4_vec_example2\example2_vec\release\example2_vec.tlog\xilink.command.1.tlog
i:\работа\mooc\практика\4.4_vec_example2\example2_vec\release\example2_vec.tlog\xilink.read.1.tlog
i:\работа\mooc\практика\4.4_vec_example2\example2_vec\release\example2_vec.tlog\xilink.write.1.tlog
