i:\работа\mooc\практика\окончательные примеры\3.2_list\3.2_list\release\vc140.pdb
i:\работа\mooc\практика\окончательные примеры\3.2_list\3.2_list\release\main.obj
c:\users\dorgun\appdata\local\temp\irmagent.log
c:\windows\tracing\intelremotemonagent2_rasapi32.log
c:\windows\tracing\intelremotemonagent2_rasmancs.log
i:\работа\mooc\практика\окончательные примеры\3.2_list\3.2_list\release\3.2_list.tlog\cl.command.1.tlog
c:\users\dorgun\appdata\local\microsoft\clr_v2.0\usagelogs\intelremotemonagent2.exe.log
i:\работа\mooc\практика\окончательные примеры\3.2_list\release\3.2_list.exe
i:\работа\mooc\практика\окончательные примеры\3.2_list\release\3.2_list.ipdb
i:\работа\mooc\практика\окончательные примеры\3.2_list\release\3.2_list.iobj
i:\работа\mooc\практика\окончательные примеры\3.2_list\release\3.2_list.pdb
i:\работа\mooc\практика\окончательные примеры\3.2_list\release\3.2_list.exe.manifest
i:\работа\mooc\практика\окончательные примеры\3.2_list\3.2_list\release\3.2_list.tlog\cl.read.1.tlog
i:\работа\mooc\практика\окончательные примеры\3.2_list\3.2_list\release\3.2_list.tlog\cl.write.1.tlog
i:\работа\mooc\практика\окончательные примеры\3.2_list\3.2_list\release\3.2_list.tlog\icl-intelremotemonserver-intelremotemonagent-intelremotemonagent2.read.1.tlog
i:\работа\mooc\практика\окончательные примеры\3.2_list\3.2_list\release\3.2_list.tlog\icl-intelremotemonserver-intelremotemonagent-intelremotemonagent2.read.9.tlog
i:\работа\mooc\практика\окончательные примеры\3.2_list\3.2_list\release\3.2_list.tlog\icl-intelremotemonserver-intelremotemonagent-intelremotemonagent2.write.1.tlog
i:\работа\mooc\практика\окончательные примеры\3.2_list\3.2_list\release\3.2_list.tlog\icl-intelremotemonserver-intelremotemonagent-intelremotemonagent2.write.9.tlog
i:\работа\mooc\практика\окончательные примеры\3.2_list\3.2_list\release\3.2_list.tlog\icl-intelremotemonserver-intelremotemonagent.read.1.tlog
i:\работа\mooc\практика\окончательные примеры\3.2_list\3.2_list\release\3.2_list.tlog\icl-intelremotemonserver-intelremotemonagent.read.2.tlog
i:\работа\mooc\практика\окончательные примеры\3.2_list\3.2_list\release\3.2_list.tlog\icl-intelremotemonserver-intelremotemonagent.write.2.tlog
i:\работа\mooc\практика\окончательные примеры\3.2_list\3.2_list\release\3.2_list.tlog\icl-intelremotemonserver.read.1.tlog
i:\работа\mooc\практика\окончательные примеры\3.2_list\3.2_list\release\3.2_list.tlog\icl-intelremotemonserver.read.2.tlog
i:\работа\mooc\практика\окончательные примеры\3.2_list\3.2_list\release\3.2_list.tlog\icl-intelremotemonserver.read.21.tlog
i:\работа\mooc\практика\окончательные примеры\3.2_list\3.2_list\release\3.2_list.tlog\icl-intelremotemonserver.write.2.tlog
i:\работа\mooc\практика\окончательные примеры\3.2_list\3.2_list\release\3.2_list.tlog\icl-intelremotemonserver.write.21.tlog
i:\работа\mooc\практика\окончательные примеры\3.2_list\3.2_list\release\3.2_list.tlog\icl-mcpcom.read.1.tlog
i:\работа\mooc\практика\окончательные примеры\3.2_list\3.2_list\release\3.2_list.tlog\icl-mcpcom.write.1.tlog
i:\работа\mooc\практика\окончательные примеры\3.2_list\3.2_list\release\3.2_list.tlog\icl.command.1.tlog
i:\работа\mooc\практика\окончательные примеры\3.2_list\3.2_list\release\3.2_list.tlog\icl.read.1.tlog
i:\работа\mooc\практика\окончательные примеры\3.2_list\3.2_list\release\3.2_list.tlog\icl.write.1.tlog
i:\работа\mooc\практика\окончательные примеры\3.2_list\3.2_list\release\3.2_list.tlog\link.command.1.tlog
i:\работа\mooc\практика\окончательные примеры\3.2_list\3.2_list\release\3.2_list.tlog\link.read.1.tlog
i:\работа\mooc\практика\окончательные примеры\3.2_list\3.2_list\release\3.2_list.tlog\link.write.1.tlog
i:\работа\mooc\практика\окончательные примеры\3.2_list\3.2_list\release\3.2_list.tlog\xilink-link.read.1.tlog
i:\работа\mooc\практика\окончательные примеры\3.2_list\3.2_list\release\3.2_list.tlog\xilink-link.write.1.tlog
i:\работа\mooc\практика\окончательные примеры\3.2_list\3.2_list\release\3.2_list.tlog\xilink-mcpcom.read.1.tlog
i:\работа\mooc\практика\окончательные примеры\3.2_list\3.2_list\release\3.2_list.tlog\xilink-mcpcom.write.1.tlog
i:\работа\mooc\практика\окончательные примеры\3.2_list\3.2_list\release\3.2_list.tlog\xilink.command.1.tlog
i:\работа\mooc\практика\окончательные примеры\3.2_list\3.2_list\release\3.2_list.tlog\xilink.read.1.tlog
i:\работа\mooc\практика\окончательные примеры\3.2_list\3.2_list\release\3.2_list.tlog\xilink.write.1.tlog
