i:\работа\mooc\практика\окончательные примеры\4.3_novect_function\4.3_novect_function\release\func.optrpt
i:\работа\mooc\практика\окончательные примеры\4.3_novect_function\4.3_novect_function\release\func.obj
i:\работа\mooc\практика\окончательные примеры\4.3_novect_function\4.3_novect_function\release\main.optrpt
i:\работа\mooc\практика\окончательные примеры\4.3_novect_function\4.3_novect_function\release\main.obj
i:\работа\mooc\практика\окончательные примеры\4.3_novect_function\4.3_novect_function\release\vc140.pdb
i:\работа\mooc\практика\окончательные примеры\4.3_novect_function\release\4.3_novect_function.exe
i:\работа\mooc\практика\окончательные примеры\4.3_novect_function\release\4.3_novect_function.pdb
i:\работа\mooc\практика\окончательные примеры\4.3_novect_function\release\4.3_novect_function.exe.manifest
i:\работа\mooc\практика\окончательные примеры\4.3_novect_function\4.3_novect_function\release\4.3_nove.2e68ded8.tlog\icl-mcpcom.read.1.tlog
i:\работа\mooc\практика\окончательные примеры\4.3_novect_function\4.3_novect_function\release\4.3_nove.2e68ded8.tlog\icl-mcpcom.write.1.tlog
i:\работа\mooc\практика\окончательные примеры\4.3_novect_function\4.3_novect_function\release\4.3_nove.2e68ded8.tlog\icl.command.1.tlog
i:\работа\mooc\практика\окончательные примеры\4.3_novect_function\4.3_novect_function\release\4.3_nove.2e68ded8.tlog\icl.read.1.tlog
i:\работа\mooc\практика\окончательные примеры\4.3_novect_function\4.3_novect_function\release\4.3_nove.2e68ded8.tlog\icl.write.1.tlog
i:\работа\mooc\практика\окончательные примеры\4.3_novect_function\4.3_novect_function\release\4.3_nove.2e68ded8.tlog\xilink-link.read.1.tlog
i:\работа\mooc\практика\окончательные примеры\4.3_novect_function\4.3_novect_function\release\4.3_nove.2e68ded8.tlog\xilink-link.read.2.tlog
i:\работа\mooc\практика\окончательные примеры\4.3_novect_function\4.3_novect_function\release\4.3_nove.2e68ded8.tlog\xilink-link.write.1.tlog
i:\работа\mooc\практика\окончательные примеры\4.3_novect_function\4.3_novect_function\release\4.3_nove.2e68ded8.tlog\xilink-mcpcom.read.1.tlog
i:\работа\mooc\практика\окончательные примеры\4.3_novect_function\4.3_novect_function\release\4.3_nove.2e68ded8.tlog\xilink-mcpcom.write.1.tlog
i:\работа\mooc\практика\окончательные примеры\4.3_novect_function\4.3_novect_function\release\4.3_nove.2e68ded8.tlog\xilink.command.1.tlog
i:\работа\mooc\практика\окончательные примеры\4.3_novect_function\4.3_novect_function\release\4.3_nove.2e68ded8.tlog\xilink.read.1.tlog
i:\работа\mooc\практика\окончательные примеры\4.3_novect_function\4.3_novect_function\release\4.3_nove.2e68ded8.tlog\xilink.write.1.tlog
