h:\работа\mooc\практика\4.4_vec_example2\example2_two_loop\release\main.optrpt
h:\работа\mooc\практика\4.4_vec_example2\example2_two_loop\release\main.obj
h:\работа\mooc\практика\4.4_vec_example2\release\example2_two_loop.exe
h:\работа\mooc\практика\4.4_vec_example2\release\example2_two_loop.exe.manifest
h:\работа\mooc\практика\4.4_vec_example2\release\example2_two_loop.pdb
h:\работа\mooc\практика\4.4_vec_example2\release\ipo_out.optrpt
i:\работа\mooc\практика\4.4_vec_example2\release\example2_two_loop.exe.manifest
i:\работа\mooc\практика\4.4_vec_example2\release\example2_two_loop.pdb
i:\работа\mooc\практика\4.4_vec_example2\release\example2_two_loop.exe
i:\работа\mooc\практика\4.4_vec_example2\example2_two_loop\release\main.obj
i:\работа\mooc\практика\4.4_vec_example2\example2_two_loop\release\example2.dbebdd48.tlog\icl-mcpcom.read.1.tlog
i:\работа\mooc\практика\4.4_vec_example2\example2_two_loop\release\example2.dbebdd48.tlog\icl-mcpcom.write.1.tlog
i:\работа\mooc\практика\4.4_vec_example2\example2_two_loop\release\example2.dbebdd48.tlog\icl.command.1.tlog
i:\работа\mooc\практика\4.4_vec_example2\example2_two_loop\release\example2.dbebdd48.tlog\icl.read.1.tlog
i:\работа\mooc\практика\4.4_vec_example2\example2_two_loop\release\example2.dbebdd48.tlog\icl.write.1.tlog
i:\работа\mooc\практика\4.4_vec_example2\example2_two_loop\release\example2.dbebdd48.tlog\xilink-link.read.1.tlog
i:\работа\mooc\практика\4.4_vec_example2\example2_two_loop\release\example2.dbebdd48.tlog\xilink-link.write.1.tlog
i:\работа\mooc\практика\4.4_vec_example2\example2_two_loop\release\example2.dbebdd48.tlog\xilink-mcpcom.read.1.tlog
i:\работа\mooc\практика\4.4_vec_example2\example2_two_loop\release\example2.dbebdd48.tlog\xilink-mcpcom.write.1.tlog
i:\работа\mooc\практика\4.4_vec_example2\example2_two_loop\release\example2.dbebdd48.tlog\xilink.command.1.tlog
i:\работа\mooc\практика\4.4_vec_example2\example2_two_loop\release\example2.dbebdd48.tlog\xilink.read.1.tlog
i:\работа\mooc\практика\4.4_vec_example2\example2_two_loop\release\example2.dbebdd48.tlog\xilink.write.1.tlog
