i:\работа\mooc\практика\окончательные примеры\tachyon_insp_xe\tachyon_insp_xe\vc10\find_and_fix_memory_errors_win32\debug\find_and_fix_memory_errors.obj
i:\работа\mooc\практика\окончательные примеры\tachyon_insp_xe\tachyon_insp_xe\vc10\find_and_fix_memory_errors_win32\debug\vc140.pdb
i:\работа\mooc\практика\окончательные примеры\tachyon_insp_xe\tachyon_insp_xe\vc10\find_and_fix_memory_errors_win32\debug\find_and_fix_memory_errors.ilk
i:\работа\mooc\практика\окончательные примеры\tachyon_insp_xe\tachyon_insp_xe\vc10\find_and_fix_memory_errors_win32\debug\find_and_fix_memory_errors.exe
i:\работа\mooc\практика\окончательные примеры\tachyon_insp_xe\tachyon_insp_xe\vc10\find_and_fix_memory_errors_win32\debug\find_and_fix_memory_errors.pdb
i:\работа\mooc\практика\окончательные примеры\tachyon_insp_xe\tachyon_insp_xe\vc10\find_and_fix_memory_errors_win32\debug\find_and_fix_memory_errors.exe.manifest
i:\работа\mooc\практика\окончательные примеры\tachyon_insp_xe\tachyon_insp_xe\vc10\find_and_fix_memory_errors_win32\debug\tbb_debug.pdb
i:\работа\mooc\практика\окончательные примеры\tachyon_insp_xe\tachyon_insp_xe\vc10\find_and_fix_memory_errors_win32\debug\find_and.1968017a.tlog\icl-mcpcom.read.1.tlog
i:\работа\mooc\практика\окончательные примеры\tachyon_insp_xe\tachyon_insp_xe\vc10\find_and_fix_memory_errors_win32\debug\find_and.1968017a.tlog\icl-mcpcom.write.1.tlog
i:\работа\mooc\практика\окончательные примеры\tachyon_insp_xe\tachyon_insp_xe\vc10\find_and_fix_memory_errors_win32\debug\find_and.1968017a.tlog\icl.command.1.tlog
i:\работа\mooc\практика\окончательные примеры\tachyon_insp_xe\tachyon_insp_xe\vc10\find_and_fix_memory_errors_win32\debug\find_and.1968017a.tlog\icl.read.1.tlog
i:\работа\mooc\практика\окончательные примеры\tachyon_insp_xe\tachyon_insp_xe\vc10\find_and_fix_memory_errors_win32\debug\find_and.1968017a.tlog\icl.write.1.tlog
i:\работа\mooc\практика\окончательные примеры\tachyon_insp_xe\tachyon_insp_xe\vc10\find_and_fix_memory_errors_win32\debug\find_and.1968017a.tlog\xilink-link.read.1.tlog
i:\работа\mooc\практика\окончательные примеры\tachyon_insp_xe\tachyon_insp_xe\vc10\find_and_fix_memory_errors_win32\debug\find_and.1968017a.tlog\xilink-link.read.2.tlog
i:\работа\mooc\практика\окончательные примеры\tachyon_insp_xe\tachyon_insp_xe\vc10\find_and_fix_memory_errors_win32\debug\find_and.1968017a.tlog\xilink-link.write.1.tlog
i:\работа\mooc\практика\окончательные примеры\tachyon_insp_xe\tachyon_insp_xe\vc10\find_and_fix_memory_errors_win32\debug\find_and.1968017a.tlog\xilink-mcpcom.read.1.tlog
i:\работа\mooc\практика\окончательные примеры\tachyon_insp_xe\tachyon_insp_xe\vc10\find_and_fix_memory_errors_win32\debug\find_and.1968017a.tlog\xilink-mcpcom.write.1.tlog
i:\работа\mooc\практика\окончательные примеры\tachyon_insp_xe\tachyon_insp_xe\vc10\find_and_fix_memory_errors_win32\debug\find_and.1968017a.tlog\xilink.command.1.tlog
i:\работа\mooc\практика\окончательные примеры\tachyon_insp_xe\tachyon_insp_xe\vc10\find_and_fix_memory_errors_win32\debug\find_and.1968017a.tlog\xilink.read.1.tlog
i:\работа\mooc\практика\окончательные примеры\tachyon_insp_xe\tachyon_insp_xe\vc10\find_and_fix_memory_errors_win32\debug\find_and.1968017a.tlog\xilink.write.1.tlog
