c:\users\nik\appdata\local\temp\irmagent.log
h:\работа\mooc\практика\5.4_primenumbers\01_equalpartition\release\equalpartition.obj
h:\работа\mooc\практика\5.4_primenumbers\release\01_equalpartition.exe
h:\работа\mooc\практика\5.4_primenumbers\release\01_equalpartition.exe.manifest
h:\работа\mooc\практика\5.4_primenumbers\release\01_equalpartition.pdb
i:\работа\mooc\практика\окончательные примеры\5.4_primenumbers\release\01_equalpartition.exe.manifest
i:\работа\mooc\практика\окончательные примеры\5.4_primenumbers\release\01_equalpartition.pdb
i:\работа\mooc\практика\окончательные примеры\5.4_primenumbers\release\01_equalpartition.exe
i:\работа\mooc\практика\окончательные примеры\5.4_primenumbers\01_equalpartition\release\equalpartition.obj
i:\работа\mooc\практика\окончательные примеры\5.4_primenumbers\01_equalpartition\release\01_equal.d61c714b.tlog\icl-intelremotemonserver-intelremotemonagent-intelremotemonagent2.read.1.tlog
i:\работа\mooc\практика\окончательные примеры\5.4_primenumbers\01_equalpartition\release\01_equal.d61c714b.tlog\icl-intelremotemonserver-intelremotemonagent-intelremotemonagent2.write.1.tlog
i:\работа\mooc\практика\окончательные примеры\5.4_primenumbers\01_equalpartition\release\01_equal.d61c714b.tlog\icl-intelremotemonserver-intelremotemonagent.read.1.tlog
i:\работа\mooc\практика\окончательные примеры\5.4_primenumbers\01_equalpartition\release\01_equal.d61c714b.tlog\icl-intelremotemonserver-intelremotemonagent.read.2.tlog
i:\работа\mooc\практика\окончательные примеры\5.4_primenumbers\01_equalpartition\release\01_equal.d61c714b.tlog\icl-intelremotemonserver-intelremotemonagent.write.2.tlog
i:\работа\mooc\практика\окончательные примеры\5.4_primenumbers\01_equalpartition\release\01_equal.d61c714b.tlog\icl-intelremotemonserver.read.1.tlog
i:\работа\mooc\практика\окончательные примеры\5.4_primenumbers\01_equalpartition\release\01_equal.d61c714b.tlog\icl-intelremotemonserver.read.14.tlog
i:\работа\mooc\практика\окончательные примеры\5.4_primenumbers\01_equalpartition\release\01_equal.d61c714b.tlog\icl-intelremotemonserver.read.2.tlog
i:\работа\mooc\практика\окончательные примеры\5.4_primenumbers\01_equalpartition\release\01_equal.d61c714b.tlog\icl-intelremotemonserver.read.7.tlog
i:\работа\mooc\практика\окончательные примеры\5.4_primenumbers\01_equalpartition\release\01_equal.d61c714b.tlog\icl-intelremotemonserver.write.14.tlog
i:\работа\mooc\практика\окончательные примеры\5.4_primenumbers\01_equalpartition\release\01_equal.d61c714b.tlog\icl-intelremotemonserver.write.2.tlog
i:\работа\mooc\практика\окончательные примеры\5.4_primenumbers\01_equalpartition\release\01_equal.d61c714b.tlog\icl-intelremotemonserver.write.7.tlog
i:\работа\mooc\практика\окончательные примеры\5.4_primenumbers\01_equalpartition\release\01_equal.d61c714b.tlog\icl-mcpcom.read.1.tlog
i:\работа\mooc\практика\окончательные примеры\5.4_primenumbers\01_equalpartition\release\01_equal.d61c714b.tlog\icl-mcpcom.write.1.tlog
i:\работа\mooc\практика\окончательные примеры\5.4_primenumbers\01_equalpartition\release\01_equal.d61c714b.tlog\icl.command.1.tlog
i:\работа\mooc\практика\окончательные примеры\5.4_primenumbers\01_equalpartition\release\01_equal.d61c714b.tlog\icl.read.1.tlog
i:\работа\mooc\практика\окончательные примеры\5.4_primenumbers\01_equalpartition\release\01_equal.d61c714b.tlog\icl.write.1.tlog
i:\работа\mooc\практика\окончательные примеры\5.4_primenumbers\01_equalpartition\release\01_equal.d61c714b.tlog\xilink-link.read.1.tlog
i:\работа\mooc\практика\окончательные примеры\5.4_primenumbers\01_equalpartition\release\01_equal.d61c714b.tlog\xilink-link.write.1.tlog
i:\работа\mooc\практика\окончательные примеры\5.4_primenumbers\01_equalpartition\release\01_equal.d61c714b.tlog\xilink-mcpcom.read.1.tlog
i:\работа\mooc\практика\окончательные примеры\5.4_primenumbers\01_equalpartition\release\01_equal.d61c714b.tlog\xilink-mcpcom.write.1.tlog
i:\работа\mooc\практика\окончательные примеры\5.4_primenumbers\01_equalpartition\release\01_equal.d61c714b.tlog\xilink.command.1.tlog
i:\работа\mooc\практика\окончательные примеры\5.4_primenumbers\01_equalpartition\release\01_equal.d61c714b.tlog\xilink.read.1.tlog
i:\работа\mooc\практика\окончательные примеры\5.4_primenumbers\01_equalpartition\release\01_equal.d61c714b.tlog\xilink.write.1.tlog
