i:\работа\mooc\практика\итоговая\модуль 3\ex2\gaussseidel\debug\init.obj
i:\работа\mooc\практика\итоговая\модуль 3\ex2\gaussseidel\debug\main.obj
i:\работа\mooc\практика\итоговая\модуль 3\ex2\gaussseidel\debug\calc_par.obj
i:\работа\mooc\практика\итоговая\модуль 3\ex2\debug\gaussseidel.exe.manifest
i:\работа\mooc\практика\итоговая\модуль 3\ex2\debug\gaussseidel.pdb
i:\работа\mooc\практика\итоговая\модуль 3\ex2\gaussseidel\debug\calc_serial.obj
i:\работа\mooc\практика\итоговая\модуль 3\ex2\gaussseidel\debug\vc140.pdb
i:\работа\mooc\практика\итоговая\модуль 3\ex2\gaussseidel\debug\gaussseidel.tlog\icl-mcpcom.read.1.tlog
i:\работа\mooc\практика\итоговая\модуль 3\ex2\gaussseidel\debug\gaussseidel.tlog\icl-mcpcom.write.1.tlog
i:\работа\mooc\практика\итоговая\модуль 3\ex2\gaussseidel\debug\gaussseidel.tlog\icl.command.1.tlog
i:\работа\mooc\практика\итоговая\модуль 3\ex2\gaussseidel\debug\gaussseidel.tlog\icl.read.1.tlog
i:\работа\mooc\практика\итоговая\модуль 3\ex2\gaussseidel\debug\gaussseidel.tlog\icl.write.1.tlog
i:\работа\mooc\практика\итоговая\модуль 3\ex2\gaussseidel\debug\gaussseidel.tlog\xilink-link.read.1.tlog
i:\работа\mooc\практика\итоговая\модуль 3\ex2\gaussseidel\debug\gaussseidel.tlog\xilink-link.read.2.tlog
i:\работа\mooc\практика\итоговая\модуль 3\ex2\gaussseidel\debug\gaussseidel.tlog\xilink-link.write.1.tlog
i:\работа\mooc\практика\итоговая\модуль 3\ex2\gaussseidel\debug\gaussseidel.tlog\xilink-mcpcom.read.1.tlog
i:\работа\mooc\практика\итоговая\модуль 3\ex2\gaussseidel\debug\gaussseidel.tlog\xilink-mcpcom.write.1.tlog
i:\работа\mooc\практика\итоговая\модуль 3\ex2\gaussseidel\debug\gaussseidel.tlog\xilink.command.1.tlog
i:\работа\mooc\практика\итоговая\модуль 3\ex2\gaussseidel\debug\gaussseidel.tlog\xilink.read.1.tlog
i:\работа\mooc\практика\итоговая\модуль 3\ex2\gaussseidel\debug\gaussseidel.tlog\xilink.write.1.tlog
