c:\users\dorgun\appdata\local\temp\irmagent.log
i:\работа\mooc\практика\окончательные примеры\3.3_list_par_for\3.3_list_par_for\release\3.3_list_par_for.tlog\icl-intelremotemonserver-intelremotemonagent-intelremotemonagent2.read.1.tlog
c:\users\dorgun\appdata\local\microsoft\clr_v2.0\usagelogs\intelremotemonagent2.exe.log
i:\работа\mooc\практика\окончательные примеры\3.3_list_par_for\3.3_list_par_for\release\main.obj
i:\работа\mooc\практика\окончательные примеры\3.3_list_par_for\release\3.3_list_par_for.exe
i:\работа\mooc\практика\окончательные примеры\3.3_list_par_for\release\3.3_list_par_for.pdb
i:\работа\mooc\практика\окончательные примеры\3.3_list_par_for\release\3.3_list_par_for.exe.manifest
i:\работа\mooc\практика\окончательные примеры\3.3_list_par_for\3.3_list_par_for\release\3.3_list_par_for.tlog\icl-intelremotemonserver-intelremotemonagent-intelremotemonagent2.write.1.tlog
i:\работа\mooc\практика\окончательные примеры\3.3_list_par_for\3.3_list_par_for\release\3.3_list_par_for.tlog\icl-intelremotemonserver-intelremotemonagent.read.1.tlog
i:\работа\mooc\практика\окончательные примеры\3.3_list_par_for\3.3_list_par_for\release\3.3_list_par_for.tlog\icl-intelremotemonserver-intelremotemonagent.read.2.tlog
i:\работа\mooc\практика\окончательные примеры\3.3_list_par_for\3.3_list_par_for\release\3.3_list_par_for.tlog\icl-intelremotemonserver-intelremotemonagent.write.2.tlog
i:\работа\mooc\практика\окончательные примеры\3.3_list_par_for\3.3_list_par_for\release\3.3_list_par_for.tlog\icl-intelremotemonserver.read.1.tlog
i:\работа\mooc\практика\окончательные примеры\3.3_list_par_for\3.3_list_par_for\release\3.3_list_par_for.tlog\icl-intelremotemonserver.read.2.tlog
i:\работа\mooc\практика\окончательные примеры\3.3_list_par_for\3.3_list_par_for\release\3.3_list_par_for.tlog\icl-intelremotemonserver.read.7.tlog
i:\работа\mooc\практика\окончательные примеры\3.3_list_par_for\3.3_list_par_for\release\3.3_list_par_for.tlog\icl-intelremotemonserver.write.2.tlog
i:\работа\mooc\практика\окончательные примеры\3.3_list_par_for\3.3_list_par_for\release\3.3_list_par_for.tlog\icl-intelremotemonserver.write.7.tlog
i:\работа\mooc\практика\окончательные примеры\3.3_list_par_for\3.3_list_par_for\release\3.3_list_par_for.tlog\icl-mcpcom.read.1.tlog
i:\работа\mooc\практика\окончательные примеры\3.3_list_par_for\3.3_list_par_for\release\3.3_list_par_for.tlog\icl-mcpcom.write.1.tlog
i:\работа\mooc\практика\окончательные примеры\3.3_list_par_for\3.3_list_par_for\release\3.3_list_par_for.tlog\icl.command.1.tlog
i:\работа\mooc\практика\окончательные примеры\3.3_list_par_for\3.3_list_par_for\release\3.3_list_par_for.tlog\icl.read.1.tlog
i:\работа\mooc\практика\окончательные примеры\3.3_list_par_for\3.3_list_par_for\release\3.3_list_par_for.tlog\icl.write.1.tlog
i:\работа\mooc\практика\окончательные примеры\3.3_list_par_for\3.3_list_par_for\release\3.3_list_par_for.tlog\xilink-link.read.1.tlog
i:\работа\mooc\практика\окончательные примеры\3.3_list_par_for\3.3_list_par_for\release\3.3_list_par_for.tlog\xilink-link.write.1.tlog
i:\работа\mooc\практика\окончательные примеры\3.3_list_par_for\3.3_list_par_for\release\3.3_list_par_for.tlog\xilink-mcpcom.read.1.tlog
i:\работа\mooc\практика\окончательные примеры\3.3_list_par_for\3.3_list_par_for\release\3.3_list_par_for.tlog\xilink-mcpcom.write.1.tlog
i:\работа\mooc\практика\окончательные примеры\3.3_list_par_for\3.3_list_par_for\release\3.3_list_par_for.tlog\xilink.command.1.tlog
i:\работа\mooc\практика\окончательные примеры\3.3_list_par_for\3.3_list_par_for\release\3.3_list_par_for.tlog\xilink.read.1.tlog
i:\работа\mooc\практика\окончательные примеры\3.3_list_par_for\3.3_list_par_for\release\3.3_list_par_for.tlog\xilink.write.1.tlog
