i:\работа\mooc\практика\окончательные примеры\4.3_novect\4.3_novect\release\func.optrpt
i:\работа\mooc\практика\окончательные примеры\4.3_novect\4.3_novect\release\func.obj
i:\работа\mooc\практика\окончательные примеры\4.3_novect\4.3_novect\release\main.optrpt
i:\работа\mooc\практика\окончательные примеры\4.3_novect\4.3_novect\release\main.obj
i:\работа\mooc\практика\окончательные примеры\4.3_novect\4.3_novect\release\vc140.pdb
i:\работа\mooc\практика\окончательные примеры\4.3_novect\release\4.3_novect.exe
i:\работа\mooc\практика\окончательные примеры\4.3_novect\release\4.3_novect.pdb
i:\работа\mooc\практика\окончательные примеры\4.3_novect\release\4.3_novect.exe.manifest
i:\работа\mooc\практика\окончательные примеры\4.3_novect\4.3_novect\release\4.3_novect.tlog\icl-mcpcom.read.1.tlog
i:\работа\mooc\практика\окончательные примеры\4.3_novect\4.3_novect\release\4.3_novect.tlog\icl-mcpcom.write.1.tlog
i:\работа\mooc\практика\окончательные примеры\4.3_novect\4.3_novect\release\4.3_novect.tlog\icl.command.1.tlog
i:\работа\mooc\практика\окончательные примеры\4.3_novect\4.3_novect\release\4.3_novect.tlog\icl.read.1.tlog
i:\работа\mooc\практика\окончательные примеры\4.3_novect\4.3_novect\release\4.3_novect.tlog\icl.write.1.tlog
i:\работа\mooc\практика\окончательные примеры\4.3_novect\4.3_novect\release\4.3_novect.tlog\xilink-link.read.1.tlog
i:\работа\mooc\практика\окончательные примеры\4.3_novect\4.3_novect\release\4.3_novect.tlog\xilink-link.read.2.tlog
i:\работа\mooc\практика\окончательные примеры\4.3_novect\4.3_novect\release\4.3_novect.tlog\xilink-link.write.1.tlog
i:\работа\mooc\практика\окончательные примеры\4.3_novect\4.3_novect\release\4.3_novect.tlog\xilink-mcpcom.read.1.tlog
i:\работа\mooc\практика\окончательные примеры\4.3_novect\4.3_novect\release\4.3_novect.tlog\xilink-mcpcom.write.1.tlog
i:\работа\mooc\практика\окончательные примеры\4.3_novect\4.3_novect\release\4.3_novect.tlog\xilink.command.1.tlog
i:\работа\mooc\практика\окончательные примеры\4.3_novect\4.3_novect\release\4.3_novect.tlog\xilink.read.1.tlog
i:\работа\mooc\практика\окончательные примеры\4.3_novect\4.3_novect\release\4.3_novect.tlog\xilink.write.1.tlog
