i:\работа\mooc\практика\окончательные примеры\5.2_pi_opt\5.1_pi\pgopti.dpi.lock
i:\работа\mooc\практика\окончательные примеры\5.2_pi_opt\5.1_pi\pgopti.dpi
i:\работа\mooc\практика\окончательные примеры\5.2_pi_opt\5.1_pi\custom\fx.optrpt
i:\работа\mooc\практика\окончательные примеры\5.2_pi_opt\5.1_pi\custom\fx.obj
i:\работа\mooc\практика\окончательные примеры\5.2_pi_opt\5.1_pi\custom\pi.optrpt
i:\работа\mooc\практика\окончательные примеры\5.2_pi_opt\5.1_pi\custom\pi.obj
c:\users\dorgun\appdata\local\temp\lnk{e47d629f-1468-42ea-a4bb-a27535fad5d3}.tmp
i:\работа\mooc\практика\окончательные примеры\5.2_pi_opt\custom\5.1_pi.ilk
i:\работа\mooc\практика\окончательные примеры\5.2_pi_opt\custom\5.1_pi.exe
i:\работа\mooc\практика\окончательные примеры\5.2_pi_opt\custom\5.1_pi.pdb
i:\работа\mooc\практика\окончательные примеры\5.2_pi_opt\custom\ipo_out.optrpt
i:\работа\mooc\практика\окончательные примеры\5.2_pi_opt\5.1_pi\custom\5.1_pi.tlog\icl-mcpcom.read.1.tlog
i:\работа\mooc\практика\окончательные примеры\5.2_pi_opt\5.1_pi\custom\5.1_pi.tlog\icl-mcpcom.write.1.tlog
i:\работа\mooc\практика\окончательные примеры\5.2_pi_opt\5.1_pi\custom\5.1_pi.tlog\icl-profmerge.read.1.tlog
i:\работа\mooc\практика\окончательные примеры\5.2_pi_opt\5.1_pi\custom\5.1_pi.tlog\icl-profmerge.write.1.tlog
i:\работа\mooc\практика\окончательные примеры\5.2_pi_opt\5.1_pi\custom\5.1_pi.tlog\icl.command.1.tlog
i:\работа\mooc\практика\окончательные примеры\5.2_pi_opt\5.1_pi\custom\5.1_pi.tlog\icl.read.1.tlog
i:\работа\mooc\практика\окончательные примеры\5.2_pi_opt\5.1_pi\custom\5.1_pi.tlog\icl.write.1.tlog
i:\работа\mooc\практика\окончательные примеры\5.2_pi_opt\5.1_pi\custom\5.1_pi.tlog\xilink-link-cvtres.read.1.tlog
i:\работа\mooc\практика\окончательные примеры\5.2_pi_opt\5.1_pi\custom\5.1_pi.tlog\xilink-link-cvtres.write.1.tlog
i:\работа\mooc\практика\окончательные примеры\5.2_pi_opt\5.1_pi\custom\5.1_pi.tlog\xilink-link-rc.read.1.tlog
i:\работа\mooc\практика\окончательные примеры\5.2_pi_opt\5.1_pi\custom\5.1_pi.tlog\xilink-link-rc.write.1.tlog
i:\работа\mooc\практика\окончательные примеры\5.2_pi_opt\5.1_pi\custom\5.1_pi.tlog\xilink-link.read.1.tlog
i:\работа\mooc\практика\окончательные примеры\5.2_pi_opt\5.1_pi\custom\5.1_pi.tlog\xilink-link.read.2.tlog
i:\работа\mooc\практика\окончательные примеры\5.2_pi_opt\5.1_pi\custom\5.1_pi.tlog\xilink-link.write.1.tlog
i:\работа\mooc\практика\окончательные примеры\5.2_pi_opt\5.1_pi\custom\5.1_pi.tlog\xilink-mcpcom.read.1.tlog
i:\работа\mooc\практика\окончательные примеры\5.2_pi_opt\5.1_pi\custom\5.1_pi.tlog\xilink-mcpcom.write.1.tlog
i:\работа\mooc\практика\окончательные примеры\5.2_pi_opt\5.1_pi\custom\5.1_pi.tlog\xilink.command.1.tlog
i:\работа\mooc\практика\окончательные примеры\5.2_pi_opt\5.1_pi\custom\5.1_pi.tlog\xilink.read.1.tlog
i:\работа\mooc\практика\окончательные примеры\5.2_pi_opt\5.1_pi\custom\5.1_pi.tlog\xilink.write.1.tlog
