i:\работа\mooc\практика\окончательные примеры\4.2_vect_asm\4.2_vect_asm\debug\vc140.pdb
i:\работа\mooc\практика\окончательные примеры\4.2_vect_asm\4.2_vect_asm\debug\vc140.idb
i:\работа\mooc\практика\окончательные примеры\4.2_vect_asm\4.2_vect_asm\debug\main.obj
i:\работа\mooc\практика\окончательные примеры\4.2_vect_asm\debug\4.2_vect_asm.ilk
i:\работа\mooc\практика\окончательные примеры\4.2_vect_asm\debug\4.2_vect_asm.exe
i:\работа\mooc\практика\окончательные примеры\4.2_vect_asm\debug\4.2_vect_asm.pdb
i:\работа\mooc\практика\окончательные примеры\4.2_vect_asm\debug\4.2_vect_asm.exe.manifest
i:\работа\mooc\практика\окончательные примеры\4.2_vect_asm\4.2_vect_asm\debug\4.2_vect_asm.tlog\cl.command.1.tlog
i:\работа\mooc\практика\окончательные примеры\4.2_vect_asm\4.2_vect_asm\debug\4.2_vect_asm.tlog\cl.read.1.tlog
i:\работа\mooc\практика\окончательные примеры\4.2_vect_asm\4.2_vect_asm\debug\4.2_vect_asm.tlog\cl.write.1.tlog
i:\работа\mooc\практика\окончательные примеры\4.2_vect_asm\4.2_vect_asm\debug\4.2_vect_asm.tlog\icl-mcpcom.read.1.tlog
i:\работа\mooc\практика\окончательные примеры\4.2_vect_asm\4.2_vect_asm\debug\4.2_vect_asm.tlog\icl-mcpcom.write.1.tlog
i:\работа\mooc\практика\окончательные примеры\4.2_vect_asm\4.2_vect_asm\debug\4.2_vect_asm.tlog\icl.command.1.tlog
i:\работа\mooc\практика\окончательные примеры\4.2_vect_asm\4.2_vect_asm\debug\4.2_vect_asm.tlog\icl.read.1.tlog
i:\работа\mooc\практика\окончательные примеры\4.2_vect_asm\4.2_vect_asm\debug\4.2_vect_asm.tlog\icl.write.1.tlog
i:\работа\mooc\практика\окончательные примеры\4.2_vect_asm\4.2_vect_asm\debug\4.2_vect_asm.tlog\link.command.1.tlog
i:\работа\mooc\практика\окончательные примеры\4.2_vect_asm\4.2_vect_asm\debug\4.2_vect_asm.tlog\link.read.1.tlog
i:\работа\mooc\практика\окончательные примеры\4.2_vect_asm\4.2_vect_asm\debug\4.2_vect_asm.tlog\link.write.1.tlog
i:\работа\mooc\практика\окончательные примеры\4.2_vect_asm\4.2_vect_asm\debug\4.2_vect_asm.tlog\xilink-link.read.1.tlog
i:\работа\mooc\практика\окончательные примеры\4.2_vect_asm\4.2_vect_asm\debug\4.2_vect_asm.tlog\xilink-link.read.2.tlog
i:\работа\mooc\практика\окончательные примеры\4.2_vect_asm\4.2_vect_asm\debug\4.2_vect_asm.tlog\xilink-link.write.1.tlog
i:\работа\mooc\практика\окончательные примеры\4.2_vect_asm\4.2_vect_asm\debug\4.2_vect_asm.tlog\xilink-mcpcom.read.1.tlog
i:\работа\mooc\практика\окончательные примеры\4.2_vect_asm\4.2_vect_asm\debug\4.2_vect_asm.tlog\xilink-mcpcom.write.1.tlog
i:\работа\mooc\практика\окончательные примеры\4.2_vect_asm\4.2_vect_asm\debug\4.2_vect_asm.tlog\xilink.command.1.tlog
i:\работа\mooc\практика\окончательные примеры\4.2_vect_asm\4.2_vect_asm\debug\4.2_vect_asm.tlog\xilink.read.1.tlog
i:\работа\mooc\практика\окончательные примеры\4.2_vect_asm\4.2_vect_asm\debug\4.2_vect_asm.tlog\xilink.write.1.tlog
