i:\работа\mooc\практика\итоговая\модуль 3\ex2\gaussseidel\release\vc140.pdb
i:\работа\mooc\практика\итоговая\модуль 3\ex2\gaussseidel\release\main.obj
i:\работа\mooc\практика\итоговая\модуль 3\ex2\gaussseidel\release\init.obj
i:\работа\mooc\практика\итоговая\модуль 3\ex2\gaussseidel\release\calc_seq.obj
i:\работа\mooc\практика\итоговая\модуль 3\ex2\gaussseidel\release\calc_par.obj
c:\users\dorgun\appdata\local\temp\irmagent.log
c:\windows\tracing\intelremotemonagent2_rasapi32.log
i:\работа\mooc\практика\итоговая\модуль 3\ex2\gaussseidel\release\gaussseidel.tlog\cl.command.1.tlog
c:\users\dorgun\appdata\local\microsoft\clr_v2.0\usagelogs\intelremotemonagent2.exe.log
i:\работа\mooc\практика\итоговая\модуль 3\ex2\release\gaussseidel.exe
i:\работа\mooc\практика\итоговая\модуль 3\ex2\release\gaussseidel.ipdb
i:\работа\mooc\практика\итоговая\модуль 3\ex2\release\gaussseidel.iobj
i:\работа\mooc\практика\итоговая\модуль 3\ex2\release\gaussseidel.pdb
i:\работа\mooc\практика\итоговая\модуль 3\ex2\gaussseidel\release\gaussseidel.tlog\cl.read.1.tlog
i:\работа\mooc\практика\итоговая\модуль 3\ex2\gaussseidel\release\gaussseidel.tlog\cl.write.1.tlog
i:\работа\mooc\практика\итоговая\модуль 3\ex2\gaussseidel\release\gaussseidel.tlog\icl-intelremotemonserver-intelremotemonagent-intelremotemonagent2.read.1.tlog
i:\работа\mooc\практика\итоговая\модуль 3\ex2\gaussseidel\release\gaussseidel.tlog\icl-intelremotemonserver-intelremotemonagent-intelremotemonagent2.read.9.tlog
i:\работа\mooc\практика\итоговая\модуль 3\ex2\gaussseidel\release\gaussseidel.tlog\icl-intelremotemonserver-intelremotemonagent-intelremotemonagent2.write.1.tlog
i:\работа\mooc\практика\итоговая\модуль 3\ex2\gaussseidel\release\gaussseidel.tlog\icl-intelremotemonserver-intelremotemonagent-intelremotemonagent2.write.9.tlog
i:\работа\mooc\практика\итоговая\модуль 3\ex2\gaussseidel\release\gaussseidel.tlog\icl-intelremotemonserver-intelremotemonagent.read.1.tlog
i:\работа\mooc\практика\итоговая\модуль 3\ex2\gaussseidel\release\gaussseidel.tlog\icl-intelremotemonserver-intelremotemonagent.read.2.tlog
i:\работа\mooc\практика\итоговая\модуль 3\ex2\gaussseidel\release\gaussseidel.tlog\icl-intelremotemonserver-intelremotemonagent.write.2.tlog
i:\работа\mooc\практика\итоговая\модуль 3\ex2\gaussseidel\release\gaussseidel.tlog\icl-intelremotemonserver.read.1.tlog
i:\работа\mooc\практика\итоговая\модуль 3\ex2\gaussseidel\release\gaussseidel.tlog\icl-intelremotemonserver.read.2.tlog
i:\работа\mooc\практика\итоговая\модуль 3\ex2\gaussseidel\release\gaussseidel.tlog\icl-intelremotemonserver.read.25.tlog
i:\работа\mooc\практика\итоговая\модуль 3\ex2\gaussseidel\release\gaussseidel.tlog\icl-intelremotemonserver.write.2.tlog
i:\работа\mooc\практика\итоговая\модуль 3\ex2\gaussseidel\release\gaussseidel.tlog\icl-intelremotemonserver.write.25.tlog
i:\работа\mooc\практика\итоговая\модуль 3\ex2\gaussseidel\release\gaussseidel.tlog\icl-mcpcom.read.1.tlog
i:\работа\mooc\практика\итоговая\модуль 3\ex2\gaussseidel\release\gaussseidel.tlog\icl-mcpcom.write.1.tlog
i:\работа\mooc\практика\итоговая\модуль 3\ex2\gaussseidel\release\gaussseidel.tlog\icl.command.1.tlog
i:\работа\mooc\практика\итоговая\модуль 3\ex2\gaussseidel\release\gaussseidel.tlog\icl.read.1.tlog
i:\работа\mooc\практика\итоговая\модуль 3\ex2\gaussseidel\release\gaussseidel.tlog\icl.read.6.tlog
i:\работа\mooc\практика\итоговая\модуль 3\ex2\gaussseidel\release\gaussseidel.tlog\icl.write.1.tlog
i:\работа\mooc\практика\итоговая\модуль 3\ex2\gaussseidel\release\gaussseidel.tlog\link.command.1.tlog
i:\работа\mooc\практика\итоговая\модуль 3\ex2\gaussseidel\release\gaussseidel.tlog\link.read.1.tlog
i:\работа\mooc\практика\итоговая\модуль 3\ex2\gaussseidel\release\gaussseidel.tlog\link.write.1.tlog
