i:\работа\mooc\практика\окончательные примеры\3.2_list\3.2_list\debug\vc140.pdb
i:\работа\mooc\практика\окончательные примеры\3.2_list\3.2_list\debug\vc140.idb
i:\работа\mooc\практика\окончательные примеры\3.2_list\3.2_list\debug\main.obj
i:\работа\mooc\практика\окончательные примеры\3.2_list\debug\3.2_list.ilk
i:\работа\mooc\практика\окончательные примеры\3.2_list\debug\3.2_list.exe
i:\работа\mooc\практика\окончательные примеры\3.2_list\debug\3.2_list.pdb
i:\работа\mooc\практика\окончательные примеры\3.2_list\debug\3.2_list.exe.manifest
i:\работа\mooc\практика\окончательные примеры\3.2_list\3.2_list\debug\3.2_list.tlog\cl.command.1.tlog
i:\работа\mooc\практика\окончательные примеры\3.2_list\3.2_list\debug\3.2_list.tlog\cl.read.1.tlog
i:\работа\mooc\практика\окончательные примеры\3.2_list\3.2_list\debug\3.2_list.tlog\cl.write.1.tlog
i:\работа\mooc\практика\окончательные примеры\3.2_list\3.2_list\debug\3.2_list.tlog\icl-mcpcom.read.1.tlog
i:\работа\mooc\практика\окончательные примеры\3.2_list\3.2_list\debug\3.2_list.tlog\icl-mcpcom.write.1.tlog
i:\работа\mooc\практика\окончательные примеры\3.2_list\3.2_list\debug\3.2_list.tlog\icl.command.1.tlog
i:\работа\mooc\практика\окончательные примеры\3.2_list\3.2_list\debug\3.2_list.tlog\icl.read.1.tlog
i:\работа\mooc\практика\окончательные примеры\3.2_list\3.2_list\debug\3.2_list.tlog\icl.write.1.tlog
i:\работа\mooc\практика\окончательные примеры\3.2_list\3.2_list\debug\3.2_list.tlog\link.command.1.tlog
i:\работа\mooc\практика\окончательные примеры\3.2_list\3.2_list\debug\3.2_list.tlog\link.read.1.tlog
i:\работа\mooc\практика\окончательные примеры\3.2_list\3.2_list\debug\3.2_list.tlog\link.write.1.tlog
i:\работа\mooc\практика\окончательные примеры\3.2_list\3.2_list\debug\3.2_list.tlog\xilink-link.read.1.tlog
i:\работа\mooc\практика\окончательные примеры\3.2_list\3.2_list\debug\3.2_list.tlog\xilink-link.read.2.tlog
i:\работа\mooc\практика\окончательные примеры\3.2_list\3.2_list\debug\3.2_list.tlog\xilink-link.write.1.tlog
i:\работа\mooc\практика\окончательные примеры\3.2_list\3.2_list\debug\3.2_list.tlog\xilink-mcpcom.read.1.tlog
i:\работа\mooc\практика\окончательные примеры\3.2_list\3.2_list\debug\3.2_list.tlog\xilink-mcpcom.write.1.tlog
i:\работа\mooc\практика\окончательные примеры\3.2_list\3.2_list\debug\3.2_list.tlog\xilink.command.1.tlog
i:\работа\mooc\практика\окончательные примеры\3.2_list\3.2_list\debug\3.2_list.tlog\xilink.read.1.tlog
i:\работа\mooc\практика\окончательные примеры\3.2_list\3.2_list\debug\3.2_list.tlog\xilink.write.1.tlog
